\BOOKMARK [1][-]{section.1}{Introduction}{}% 1
\BOOKMARK [1][-]{section.2}{Theory}{}% 2
\BOOKMARK [2][-]{subsection.2.1}{Structure of alkali atoms}{section.2}% 3
\BOOKMARK [2][-]{subsection.2.2}{Interaction of an alkali atom with a magnetic field}{section.2}% 4
\BOOKMARK [2][-]{subsection.2.3}{Photon absorption in an alkali atom}{section.2}% 5
\BOOKMARK [2][-]{subsection.2.4}{Optical pumping in rubidium}{section.2}% 6
\BOOKMARK [2][-]{subsection.2.5}{Zero field transition}{section.2}% 7
\BOOKMARK [2][-]{subsection.2.6}{Transient effects}{section.2}% 8
\BOOKMARK [1][-]{section.3}{Experimental Set-Up}{}% 9
\BOOKMARK [2][-]{subsection.3.1}{Rubidium Discharge Lamp}{section.3}% 10
\BOOKMARK [2][-]{subsection.3.2}{Detector}{section.3}% 11
\BOOKMARK [2][-]{subsection.3.3}{Optics}{section.3}% 12
\BOOKMARK [2][-]{subsection.3.4}{Temperature regulation}{section.3}% 13
\BOOKMARK [2][-]{subsection.3.5}{Magnetic Fields}{section.3}% 14
\BOOKMARK [1][-]{section.4}{Results and Discussion}{}% 15
\BOOKMARK [2][-]{subsection.4.1}{Absorption of Rb resonance radiation by atomic Rb}{section.4}% 16
\BOOKMARK [2][-]{subsection.4.2}{Low field resonances}{section.4}% 17
\BOOKMARK [3][-]{subsubsection.4.2.1}{Zero field transition:}{subsection.4.2}% 18
\BOOKMARK [3][-]{subsubsection.4.2.2}{Measurement of gF factors and nuclear spins:}{subsection.4.2}% 19
\BOOKMARK [2][-]{subsection.4.3}{Quadratic Zeeman Effect}{section.4}% 20
\BOOKMARK [3][-]{subsubsection.4.3.1}{Rb87 quadratic effect}{subsection.4.3}% 21
